C:\Users\Neto\source\repos\CalculoDividaAPI\CalculoDividaAPI\ClientApp\dist\out-tsc\e2e\app.po.js
C:\Users\Neto\source\repos\CalculoDividaAPI\CalculoDividaAPI\ClientApp\dist\out-tsc\e2e\app.po.js.map
C:\Users\Neto\source\repos\CalculoDividaAPI\CalculoDividaAPI\ClientApp\dist\out-tsc\e2e\app.e2e-spec.js
C:\Users\Neto\source\repos\CalculoDividaAPI\CalculoDividaAPI\ClientApp\dist\out-tsc\e2e\app.e2e-spec.js.map
C:\Users\Neto\source\repos\CalculoDividaAPI\CalculoDividaAPI\ClientApp\dist\out-tsc\src\app\app.component.js
C:\Users\Neto\source\repos\CalculoDividaAPI\CalculoDividaAPI\ClientApp\dist\out-tsc\src\app\app.component.js.map
C:\Users\Neto\source\repos\CalculoDividaAPI\CalculoDividaAPI\ClientApp\dist\out-tsc\src\app\nav-menu\nav-menu.component.js
C:\Users\Neto\source\repos\CalculoDividaAPI\CalculoDividaAPI\ClientApp\dist\out-tsc\src\app\nav-menu\nav-menu.component.js.map
C:\Users\Neto\source\repos\CalculoDividaAPI\CalculoDividaAPI\ClientApp\dist\out-tsc\src\app\home\home.component.js
C:\Users\Neto\source\repos\CalculoDividaAPI\CalculoDividaAPI\ClientApp\dist\out-tsc\src\app\home\home.component.js.map
C:\Users\Neto\source\repos\CalculoDividaAPI\CalculoDividaAPI\ClientApp\dist\out-tsc\src\app\counter\counter.component.js
C:\Users\Neto\source\repos\CalculoDividaAPI\CalculoDividaAPI\ClientApp\dist\out-tsc\src\app\counter\counter.component.js.map
C:\Users\Neto\source\repos\CalculoDividaAPI\CalculoDividaAPI\ClientApp\dist\out-tsc\src\app\app.module.js
C:\Users\Neto\source\repos\CalculoDividaAPI\CalculoDividaAPI\ClientApp\dist\out-tsc\src\app\app.module.js.map
C:\Users\Neto\source\repos\CalculoDividaAPI\CalculoDividaAPI\ClientApp\dist\out-tsc\src\environments\environment.js
C:\Users\Neto\source\repos\CalculoDividaAPI\CalculoDividaAPI\ClientApp\dist\out-tsc\src\environments\environment.js.map
C:\Users\Neto\source\repos\CalculoDividaAPI\CalculoDividaAPI\ClientApp\dist\out-tsc\src\main.js
C:\Users\Neto\source\repos\CalculoDividaAPI\CalculoDividaAPI\ClientApp\dist\out-tsc\src\main.js.map
C:\Users\Neto\source\repos\CalculoDividaAPI\CalculoDividaAPI\ClientApp\dist\out-tsc\src\polyfills.js
C:\Users\Neto\source\repos\CalculoDividaAPI\CalculoDividaAPI\ClientApp\dist\out-tsc\src\polyfills.js.map
C:\Users\Neto\source\repos\CalculoDividaAPI\CalculoDividaAPI\ClientApp\dist\out-tsc\src\test.js
C:\Users\Neto\source\repos\CalculoDividaAPI\CalculoDividaAPI\ClientApp\dist\out-tsc\src\test.js.map
C:\Users\Neto\source\repos\CalculoDividaAPI\CalculoDividaAPI\ClientApp\dist\out-tsc\src\environments\environment.prod.js
C:\Users\Neto\source\repos\CalculoDividaAPI\CalculoDividaAPI\ClientApp\dist\out-tsc\src\environments\environment.prod.js.map
C:\Users\Neto\source\repos\CalculoDividaAPI\CalculoDividaAPI\ClientApp\dist\out-tsc\src\app\counter\counter.component.spec.js
C:\Users\Neto\source\repos\CalculoDividaAPI\CalculoDividaAPI\ClientApp\dist\out-tsc\src\app\counter\counter.component.spec.js.map
